app/build/intermediates/manifest_merge_blame_file/debug/processDebugMainManifest/manifest-merger-blame-debug-report.txt
1<?xml version="1.0" encoding="utf-8"?>
2<manifest xmlns:android="http://schemas.android.com/apk/res/android"
3    package="com.gulshid.expensetracker"
4    android:versionCode="1"
5    android:versionName="1.0" >
6
7    <uses-sdk
8        android:minSdkVersion="26"
9        android:targetSdkVersion="34" />
10
11    <uses-permission android:name="android.permission.INTERNET" />
11-->[com.google.firebase:firebase-auth:23.2.1] AndroidManifest.xml:25:5-67
11-->[com.google.firebase:firebase-auth:23.2.1] AndroidManifest.xml:25:22-64
12    <uses-permission android:name="android.permission.ACCESS_NETWORK_STATE" />
12-->[com.google.firebase:firebase-auth:23.2.1] AndroidManifest.xml:26:5-79
12-->[com.google.firebase:firebase-auth:23.2.1] AndroidManifest.xml:26:22-76
13    <uses-permission android:name="android.permission.WAKE_LOCK" />
13-->[com.google.android.gms:play-services-measurement:22.4.0] AndroidManifest.xml:25:5-68
13-->[com.google.android.gms:play-services-measurement:22.4.0] AndroidManifest.xml:25:22-65
14    <uses-permission android:name="com.google.android.finsky.permission.BIND_GET_INSTALL_REFERRER_SERVICE" />
14-->[com.google.android.gms:play-services-measurement:22.4.0] AndroidManifest.xml:26:5-110
14-->[com.google.android.gms:play-services-measurement:22.4.0] AndroidManifest.xml:26:22-107
15    <uses-permission android:name="com.google.android.gms.permission.AD_ID" />
15-->[com.google.android.gms:play-services-measurement-api:22.4.0] AndroidManifest.xml:25:5-79
15-->[com.google.android.gms:play-services-measurement-api:22.4.0] AndroidManifest.xml:25:22-76
16    <uses-permission android:name="android.permission.ACCESS_ADSERVICES_ATTRIBUTION" />
16-->[com.google.android.gms:play-services-measurement-api:22.4.0] AndroidManifest.xml:26:5-88
16-->[com.google.android.gms:play-services-measurement-api:22.4.0] AndroidManifest.xml:26:22-85
17    <uses-permission android:name="android.permission.ACCESS_ADSERVICES_AD_ID" />
17-->[com.google.android.gms:play-services-measurement-api:22.4.0] AndroidManifest.xml:27:5-82
17-->[com.google.android.gms:play-services-measurement-api:22.4.0] AndroidManifest.xml:27:22-79
18    <uses-permission android:name="com.google.android.providers.gsf.permission.READ_GSERVICES" />
18-->[com.google.android.recaptcha:recaptcha:18.6.1] AndroidManifest.xml:9:5-98
18-->[com.google.android.recaptcha:recaptcha:18.6.1] AndroidManifest.xml:9:22-95
19
20    <permission
20-->[androidx.core:core:1.16.0] AndroidManifest.xml:22:5-24:47
21        android:name="com.gulshid.expensetracker.DYNAMIC_RECEIVER_NOT_EXPORTED_PERMISSION"
21-->[androidx.core:core:1.16.0] AndroidManifest.xml:23:9-81
22        android:protectionLevel="signature" />
22-->[androidx.core:core:1.16.0] AndroidManifest.xml:24:9-44
23
24    <uses-permission android:name="com.gulshid.expensetracker.DYNAMIC_RECEIVER_NOT_EXPORTED_PERMISSION" />
24-->[androidx.core:core:1.16.0] AndroidManifest.xml:26:5-97
24-->[androidx.core:core:1.16.0] AndroidManifest.xml:26:22-94
25
26    <application
26-->src/main/AndroidManifest.xml:5:5-25:19
27        android:name="com.gulshid.expensetracker.ExpenseTrackerApp"
27-->src/main/AndroidManifest.xml:6:9-68
28        android:allowBackup="true"
28-->src/main/AndroidManifest.xml:7:9-35
29        android:appComponentFactory="androidx.core.app.CoreComponentFactory"
29-->[androidx.core:core:1.16.0] AndroidManifest.xml:28:18-86
30        android:debuggable="true"
31        android:extractNativeLibs="false"
32        android:icon="@mipmap/ic_launcher"
32-->src/main/AndroidManifest.xml:8:9-43
33        android:label="@string/app_name"
33-->src/main/AndroidManifest.xml:9:9-41
34        android:roundIcon="@mipmap/ic_launcher_round"
34-->src/main/AndroidManifest.xml:10:9-54
35        android:supportsRtl="true"
35-->src/main/AndroidManifest.xml:11:9-35
36        android:testOnly="true"
37        android:theme="@style/Theme.ExpanseTracker" >
37-->src/main/AndroidManifest.xml:12:9-52
38        <activity
38-->src/main/AndroidManifest.xml:15:9-23:20
39            android:name="com.gulshid.expensetracker.ui.MainActivity"
39-->src/main/AndroidManifest.xml:16:13-44
40            android:exported="true" >
40-->src/main/AndroidManifest.xml:17:13-36
41            <intent-filter>
41-->src/main/AndroidManifest.xml:18:13-22:29
42                <action android:name="android.intent.action.MAIN" />
42-->src/main/AndroidManifest.xml:19:17-69
42-->src/main/AndroidManifest.xml:19:25-66
43
44                <category android:name="android.intent.category.LAUNCHER" />
44-->src/main/AndroidManifest.xml:21:17-77
44-->src/main/AndroidManifest.xml:21:27-74
45            </intent-filter>
46        </activity>
47        <activity
47-->[com.google.firebase:firebase-auth:23.2.1] AndroidManifest.xml:29:9-46:20
48            android:name="com.google.firebase.auth.internal.GenericIdpActivity"
48-->[com.google.firebase:firebase-auth:23.2.1] AndroidManifest.xml:30:13-80
49            android:excludeFromRecents="true"
49-->[com.google.firebase:firebase-auth:23.2.1] AndroidManifest.xml:31:13-46
50            android:exported="true"
50-->[com.google.firebase:firebase-auth:23.2.1] AndroidManifest.xml:32:13-36
51            android:launchMode="singleTask"
51-->[com.google.firebase:firebase-auth:23.2.1] AndroidManifest.xml:33:13-44
52            android:theme="@android:style/Theme.Translucent.NoTitleBar" >
52-->[com.google.firebase:firebase-auth:23.2.1] AndroidManifest.xml:34:13-72
53            <intent-filter>
53-->[com.google.firebase:firebase-auth:23.2.1] AndroidManifest.xml:35:13-45:29
54                <action android:name="android.intent.action.VIEW" />
54-->[com.google.firebase:firebase-auth:23.2.1] AndroidManifest.xml:36:17-69
54-->[com.google.firebase:firebase-auth:23.2.1] AndroidManifest.xml:36:25-66
55
56                <category android:name="android.intent.category.DEFAULT" />
56-->[com.google.firebase:firebase-auth:23.2.1] AndroidManifest.xml:38:17-76
56-->[com.google.firebase:firebase-auth:23.2.1] AndroidManifest.xml:38:27-73
57                <category android:name="android.intent.category.BROWSABLE" />
57-->[com.google.firebase:firebase-auth:23.2.1] AndroidManifest.xml:39:17-78
57-->[com.google.firebase:firebase-auth:23.2.1] AndroidManifest.xml:39:27-75
58
59                <data
59-->[com.google.firebase:firebase-auth:23.2.1] AndroidManifest.xml:41:17-44:51
60                    android:host="firebase.auth"
60-->[com.google.firebase:firebase-auth:23.2.1] AndroidManifest.xml:42:21-49
61                    android:path="/"
61-->[com.google.firebase:firebase-auth:23.2.1] AndroidManifest.xml:43:21-37
62                    android:scheme="genericidp" />
62-->[com.google.firebase:firebase-auth:23.2.1] AndroidManifest.xml:44:21-48
63            </intent-filter>
64        </activity>
65        <activity
65-->[com.google.firebase:firebase-auth:23.2.1] AndroidManifest.xml:47:9-64:20
66            android:name="com.google.firebase.auth.internal.RecaptchaActivity"
66-->[com.google.firebase:firebase-auth:23.2.1] AndroidManifest.xml:48:13-79
67            android:excludeFromRecents="true"
67-->[com.google.firebase:firebase-auth:23.2.1] AndroidManifest.xml:49:13-46
68            android:exported="true"
68-->[com.google.firebase:firebase-auth:23.2.1] AndroidManifest.xml:50:13-36
69            android:launchMode="singleTask"
69-->[com.google.firebase:firebase-auth:23.2.1] AndroidManifest.xml:51:13-44
70            android:theme="@android:style/Theme.Translucent.NoTitleBar" >
70-->[com.google.firebase:firebase-auth:23.2.1] AndroidManifest.xml:52:13-72
71            <intent-filter>
71-->[com.google.firebase:firebase-auth:23.2.1] AndroidManifest.xml:53:13-63:29
72                <action android:name="android.intent.action.VIEW" />
72-->[com.google.firebase:firebase-auth:23.2.1] AndroidManifest.xml:36:17-69
72-->[com.google.firebase:firebase-auth:23.2.1] AndroidManifest.xml:36:25-66
73
74                <category android:name="android.intent.category.DEFAULT" />
74-->[com.google.firebase:firebase-auth:23.2.1] AndroidManifest.xml:38:17-76
74-->[com.google.firebase:firebase-auth:23.2.1] AndroidManifest.xml:38:27-73
75                <category android:name="android.intent.category.BROWSABLE" />
75-->[com.google.firebase:firebase-auth:23.2.1] AndroidManifest.xml:39:17-78
75-->[com.google.firebase:firebase-auth:23.2.1] AndroidManifest.xml:39:27-75
76
77                <data
77-->[com.google.firebase:firebase-auth:23.2.1] AndroidManifest.xml:41:17-44:51
78                    android:host="firebase.auth"
78-->[com.google.firebase:firebase-auth:23.2.1] AndroidManifest.xml:42:21-49
79                    android:path="/"
79-->[com.google.firebase:firebase-auth:23.2.1] AndroidManifest.xml:43:21-37
80                    android:scheme="recaptcha" />
80-->[com.google.firebase:firebase-auth:23.2.1] AndroidManifest.xml:44:21-48
81            </intent-filter>
82        </activity>
83
84        <service
84-->[com.google.firebase:firebase-auth:23.2.1] AndroidManifest.xml:66:9-72:19
85            android:name="com.google.firebase.components.ComponentDiscoveryService"
85-->[com.google.firebase:firebase-auth:23.2.1] AndroidManifest.xml:67:13-84
86            android:directBootAware="true"
86-->[com.google.firebase:firebase-common:21.0.0] AndroidManifest.xml:32:13-43
87            android:exported="false" >
87-->[com.google.firebase:firebase-auth:23.2.1] AndroidManifest.xml:68:13-37
88            <meta-data
88-->[com.google.firebase:firebase-auth:23.2.1] AndroidManifest.xml:69:13-71:85
89                android:name="com.google.firebase.components:com.google.firebase.auth.FirebaseAuthRegistrar"
89-->[com.google.firebase:firebase-auth:23.2.1] AndroidManifest.xml:70:17-109
90                android:value="com.google.firebase.components.ComponentRegistrar" />
90-->[com.google.firebase:firebase-auth:23.2.1] AndroidManifest.xml:71:17-82
91            <meta-data
91-->[com.google.firebase:firebase-firestore:25.1.4] AndroidManifest.xml:17:13-19:85
92                android:name="com.google.firebase.components:com.google.firebase.firestore.FirebaseFirestoreKtxRegistrar"
92-->[com.google.firebase:firebase-firestore:25.1.4] AndroidManifest.xml:18:17-122
93                android:value="com.google.firebase.components.ComponentRegistrar" />
93-->[com.google.firebase:firebase-firestore:25.1.4] AndroidManifest.xml:19:17-82
94            <meta-data
94-->[com.google.firebase:firebase-firestore:25.1.4] AndroidManifest.xml:20:13-22:85
95                android:name="com.google.firebase.components:com.google.firebase.firestore.FirestoreRegistrar"
95-->[com.google.firebase:firebase-firestore:25.1.4] AndroidManifest.xml:21:17-111
96                android:value="com.google.firebase.components.ComponentRegistrar" />
96-->[com.google.firebase:firebase-firestore:25.1.4] AndroidManifest.xml:22:17-82
97            <meta-data
97-->[com.google.android.gms:play-services-measurement-api:22.4.0] AndroidManifest.xml:33:13-35:85
98                android:name="com.google.firebase.components:com.google.firebase.analytics.connector.internal.AnalyticsConnectorRegistrar"
98-->[com.google.android.gms:play-services-measurement-api:22.4.0] AndroidManifest.xml:34:17-139
99                android:value="com.google.firebase.components.ComponentRegistrar" />
99-->[com.google.android.gms:play-services-measurement-api:22.4.0] AndroidManifest.xml:35:17-82
100            <meta-data
100-->[com.google.firebase:firebase-installations:18.0.0] AndroidManifest.xml:15:13-17:85
101                android:name="com.google.firebase.components:com.google.firebase.installations.FirebaseInstallationsKtxRegistrar"
101-->[com.google.firebase:firebase-installations:18.0.0] AndroidManifest.xml:16:17-130
102                android:value="com.google.firebase.components.ComponentRegistrar" />
102-->[com.google.firebase:firebase-installations:18.0.0] AndroidManifest.xml:17:17-82
103            <meta-data
103-->[com.google.firebase:firebase-installations:18.0.0] AndroidManifest.xml:18:13-20:85
104                android:name="com.google.firebase.components:com.google.firebase.installations.FirebaseInstallationsRegistrar"
104-->[com.google.firebase:firebase-installations:18.0.0] AndroidManifest.xml:19:17-127
105                android:value="com.google.firebase.components.ComponentRegistrar" />
105-->[com.google.firebase:firebase-installations:18.0.0] AndroidManifest.xml:20:17-82
106            <meta-data
106-->[com.google.firebase:firebase-common-ktx:21.0.0] AndroidManifest.xml:12:13-14:85
107                android:name="com.google.firebase.components:com.google.firebase.ktx.FirebaseCommonLegacyRegistrar"
107-->[com.google.firebase:firebase-common-ktx:21.0.0] AndroidManifest.xml:13:17-116
108                android:value="com.google.firebase.components.ComponentRegistrar" />
108-->[com.google.firebase:firebase-common-ktx:21.0.0] AndroidManifest.xml:14:17-82
109            <meta-data
109-->[com.google.firebase:firebase-common:21.0.0] AndroidManifest.xml:35:13-37:85
110                android:name="com.google.firebase.components:com.google.firebase.FirebaseCommonKtxRegistrar"
110-->[com.google.firebase:firebase-common:21.0.0] AndroidManifest.xml:36:17-109
111                android:value="com.google.firebase.components.ComponentRegistrar" />
111-->[com.google.firebase:firebase-common:21.0.0] AndroidManifest.xml:37:17-82
112        </service>
113
114        <receiver
114-->[com.google.android.gms:play-services-measurement:22.4.0] AndroidManifest.xml:29:9-33:20
115            android:name="com.google.android.gms.measurement.AppMeasurementReceiver"
115-->[com.google.android.gms:play-services-measurement:22.4.0] AndroidManifest.xml:30:13-85
116            android:enabled="true"
116-->[com.google.android.gms:play-services-measurement:22.4.0] AndroidManifest.xml:31:13-35
117            android:exported="false" >
117-->[com.google.android.gms:play-services-measurement:22.4.0] AndroidManifest.xml:32:13-37
118        </receiver>
119
120        <service
120-->[com.google.android.gms:play-services-measurement:22.4.0] AndroidManifest.xml:35:9-38:40
121            android:name="com.google.android.gms.measurement.AppMeasurementService"
121-->[com.google.android.gms:play-services-measurement:22.4.0] AndroidManifest.xml:36:13-84
122            android:enabled="true"
122-->[com.google.android.gms:play-services-measurement:22.4.0] AndroidManifest.xml:37:13-35
123            android:exported="false" />
123-->[com.google.android.gms:play-services-measurement:22.4.0] AndroidManifest.xml:38:13-37
124        <service
124-->[com.google.android.gms:play-services-measurement:22.4.0] AndroidManifest.xml:39:9-43:72
125            android:name="com.google.android.gms.measurement.AppMeasurementJobService"
125-->[com.google.android.gms:play-services-measurement:22.4.0] AndroidManifest.xml:40:13-87
126            android:enabled="true"
126-->[com.google.android.gms:play-services-measurement:22.4.0] AndroidManifest.xml:41:13-35
127            android:exported="false"
127-->[com.google.android.gms:play-services-measurement:22.4.0] AndroidManifest.xml:42:13-37
128            android:permission="android.permission.BIND_JOB_SERVICE" />
128-->[com.google.android.gms:play-services-measurement:22.4.0] AndroidManifest.xml:43:13-69
129        <service
129-->[androidx.credentials:credentials-play-services-auth:1.2.0-rc01] AndroidManifest.xml:24:9-32:19
130            android:name="androidx.credentials.playservices.CredentialProviderMetadataHolder"
130-->[androidx.credentials:credentials-play-services-auth:1.2.0-rc01] AndroidManifest.xml:25:13-94
131            android:enabled="true"
131-->[androidx.credentials:credentials-play-services-auth:1.2.0-rc01] AndroidManifest.xml:26:13-35
132            android:exported="false" >
132-->[androidx.credentials:credentials-play-services-auth:1.2.0-rc01] AndroidManifest.xml:27:13-37
133            <meta-data
133-->[androidx.credentials:credentials-play-services-auth:1.2.0-rc01] AndroidManifest.xml:29:13-31:104
134                android:name="androidx.credentials.CREDENTIAL_PROVIDER_KEY"
134-->[androidx.credentials:credentials-play-services-auth:1.2.0-rc01] AndroidManifest.xml:30:17-76
135                android:value="androidx.credentials.playservices.CredentialProviderPlayServicesImpl" />
135-->[androidx.credentials:credentials-play-services-auth:1.2.0-rc01] AndroidManifest.xml:31:17-101
136        </service>
137
138        <activity
138-->[androidx.credentials:credentials-play-services-auth:1.2.0-rc01] AndroidManifest.xml:34:9-41:20
139            android:name="androidx.credentials.playservices.HiddenActivity"
139-->[androidx.credentials:credentials-play-services-auth:1.2.0-rc01] AndroidManifest.xml:35:13-76
140            android:configChanges="orientation|screenSize|screenLayout|keyboardHidden"
140-->[androidx.credentials:credentials-play-services-auth:1.2.0-rc01] AndroidManifest.xml:36:13-87
141            android:enabled="true"
141-->[androidx.credentials:credentials-play-services-auth:1.2.0-rc01] AndroidManifest.xml:37:13-35
142            android:exported="false"
142-->[androidx.credentials:credentials-play-services-auth:1.2.0-rc01] AndroidManifest.xml:38:13-37
143            android:fitsSystemWindows="true"
143-->[androidx.credentials:credentials-play-services-auth:1.2.0-rc01] AndroidManifest.xml:39:13-45
144            android:theme="@style/Theme.Hidden" >
144-->[androidx.credentials:credentials-play-services-auth:1.2.0-rc01] AndroidManifest.xml:40:13-48
145        </activity>
146        <activity
146-->[com.google.android.gms:play-services-auth:20.7.0] AndroidManifest.xml:23:9-27:75
147            android:name="com.google.android.gms.auth.api.signin.internal.SignInHubActivity"
147-->[com.google.android.gms:play-services-auth:20.7.0] AndroidManifest.xml:24:13-93
148            android:excludeFromRecents="true"
148-->[com.google.android.gms:play-services-auth:20.7.0] AndroidManifest.xml:25:13-46
149            android:exported="false"
149-->[com.google.android.gms:play-services-auth:20.7.0] AndroidManifest.xml:26:13-37
150            android:theme="@android:style/Theme.Translucent.NoTitleBar" />
150-->[com.google.android.gms:play-services-auth:20.7.0] AndroidManifest.xml:27:13-72
151        <!--
152            Service handling Google Sign-In user revocation. For apps that do not integrate with
153            Google Sign-In, this service will never be started.
154        -->
155        <service
155-->[com.google.android.gms:play-services-auth:20.7.0] AndroidManifest.xml:33:9-37:51
156            android:name="com.google.android.gms.auth.api.signin.RevocationBoundService"
156-->[com.google.android.gms:play-services-auth:20.7.0] AndroidManifest.xml:34:13-89
157            android:exported="true"
157-->[com.google.android.gms:play-services-auth:20.7.0] AndroidManifest.xml:35:13-36
158            android:permission="com.google.android.gms.auth.api.signin.permission.REVOCATION_NOTIFICATION"
158-->[com.google.android.gms:play-services-auth:20.7.0] AndroidManifest.xml:36:13-107
159            android:visibleToInstantApps="true" />
159-->[com.google.android.gms:play-services-auth:20.7.0] AndroidManifest.xml:37:13-48
160
161        <provider
161-->[com.google.firebase:firebase-common:21.0.0] AndroidManifest.xml:23:9-28:39
162            android:name="com.google.firebase.provider.FirebaseInitProvider"
162-->[com.google.firebase:firebase-common:21.0.0] AndroidManifest.xml:24:13-77
163            android:authorities="com.gulshid.expensetracker.firebaseinitprovider"
163-->[com.google.firebase:firebase-common:21.0.0] AndroidManifest.xml:25:13-72
164            android:directBootAware="true"
164-->[com.google.firebase:firebase-common:21.0.0] AndroidManifest.xml:26:13-43
165            android:exported="false"
165-->[com.google.firebase:firebase-common:21.0.0] AndroidManifest.xml:27:13-37
166            android:initOrder="100" />
166-->[com.google.firebase:firebase-common:21.0.0] AndroidManifest.xml:28:13-36
167        <provider
167-->[androidx.emoji2:emoji2:1.3.0] AndroidManifest.xml:24:9-32:20
168            android:name="androidx.startup.InitializationProvider"
168-->[androidx.emoji2:emoji2:1.3.0] AndroidManifest.xml:25:13-67
169            android:authorities="com.gulshid.expensetracker.androidx-startup"
169-->[androidx.emoji2:emoji2:1.3.0] AndroidManifest.xml:26:13-68
170            android:exported="false" >
170-->[androidx.emoji2:emoji2:1.3.0] AndroidManifest.xml:27:13-37
171            <meta-data
171-->[androidx.emoji2:emoji2:1.3.0] AndroidManifest.xml:29:13-31:52
172                android:name="androidx.emoji2.text.EmojiCompatInitializer"
172-->[androidx.emoji2:emoji2:1.3.0] AndroidManifest.xml:30:17-75
173                android:value="androidx.startup" />
173-->[androidx.emoji2:emoji2:1.3.0] AndroidManifest.xml:31:17-49
174            <meta-data
174-->[androidx.lifecycle:lifecycle-process:2.9.0] AndroidManifest.xml:29:13-31:52
175                android:name="androidx.lifecycle.ProcessLifecycleInitializer"
175-->[androidx.lifecycle:lifecycle-process:2.9.0] AndroidManifest.xml:30:17-78
176                android:value="androidx.startup" />
176-->[androidx.lifecycle:lifecycle-process:2.9.0] AndroidManifest.xml:31:17-49
177            <meta-data
177-->[androidx.profileinstaller:profileinstaller:1.4.0] AndroidManifest.xml:29:13-31:52
178                android:name="androidx.profileinstaller.ProfileInstallerInitializer"
178-->[androidx.profileinstaller:profileinstaller:1.4.0] AndroidManifest.xml:30:17-85
179                android:value="androidx.startup" />
179-->[androidx.profileinstaller:profileinstaller:1.4.0] AndroidManifest.xml:31:17-49
180        </provider>
181
182        <uses-library
182-->[androidx.window:window:1.0.0] AndroidManifest.xml:25:9-27:40
183            android:name="androidx.window.extensions"
183-->[androidx.window:window:1.0.0] AndroidManifest.xml:26:13-54
184            android:required="false" />
184-->[androidx.window:window:1.0.0] AndroidManifest.xml:27:13-37
185        <uses-library
185-->[androidx.window:window:1.0.0] AndroidManifest.xml:28:9-30:40
186            android:name="androidx.window.sidecar"
186-->[androidx.window:window:1.0.0] AndroidManifest.xml:29:13-51
187            android:required="false" />
187-->[androidx.window:window:1.0.0] AndroidManifest.xml:30:13-37
188        <uses-library
188-->[androidx.privacysandbox.ads:ads-adservices:1.1.0-beta11] AndroidManifest.xml:23:9-25:40
189            android:name="android.ext.adservices"
189-->[androidx.privacysandbox.ads:ads-adservices:1.1.0-beta11] AndroidManifest.xml:24:13-50
190            android:required="false" />
190-->[androidx.privacysandbox.ads:ads-adservices:1.1.0-beta11] AndroidManifest.xml:25:13-37
191
192        <activity
192-->[com.google.android.gms:play-services-base:18.5.0] AndroidManifest.xml:5:9-173
193            android:name="com.google.android.gms.common.api.GoogleApiActivity"
193-->[com.google.android.gms:play-services-base:18.5.0] AndroidManifest.xml:5:19-85
194            android:exported="false"
194-->[com.google.android.gms:play-services-base:18.5.0] AndroidManifest.xml:5:146-170
195            android:theme="@android:style/Theme.Translucent.NoTitleBar" />
195-->[com.google.android.gms:play-services-base:18.5.0] AndroidManifest.xml:5:86-145
196
197        <meta-data
197-->[com.google.android.gms:play-services-basement:18.5.0] AndroidManifest.xml:21:9-23:69
198            android:name="com.google.android.gms.version"
198-->[com.google.android.gms:play-services-basement:18.5.0] AndroidManifest.xml:22:13-58
199            android:value="@integer/google_play_services_version" />
199-->[com.google.android.gms:play-services-basement:18.5.0] AndroidManifest.xml:23:13-66
200
201        <receiver
201-->[androidx.profileinstaller:profileinstaller:1.4.0] AndroidManifest.xml:34:9-52:20
202            android:name="androidx.profileinstaller.ProfileInstallReceiver"
202-->[androidx.profileinstaller:profileinstaller:1.4.0] AndroidManifest.xml:35:13-76
203            android:directBootAware="false"
203-->[androidx.profileinstaller:profileinstaller:1.4.0] AndroidManifest.xml:36:13-44
204            android:enabled="true"
204-->[androidx.profileinstaller:profileinstaller:1.4.0] AndroidManifest.xml:37:13-35
205            android:exported="true"
205-->[androidx.profileinstaller:profileinstaller:1.4.0] AndroidManifest.xml:38:13-36
206            android:permission="android.permission.DUMP" >
206-->[androidx.profileinstaller:profileinstaller:1.4.0] AndroidManifest.xml:39:13-57
207            <intent-filter>
207-->[androidx.profileinstaller:profileinstaller:1.4.0] AndroidManifest.xml:40:13-42:29
208                <action android:name="androidx.profileinstaller.action.INSTALL_PROFILE" />
208-->[androidx.profileinstaller:profileinstaller:1.4.0] AndroidManifest.xml:41:17-91
208-->[androidx.profileinstaller:profileinstaller:1.4.0] AndroidManifest.xml:41:25-88
209            </intent-filter>
210            <intent-filter>
210-->[androidx.profileinstaller:profileinstaller:1.4.0] AndroidManifest.xml:43:13-45:29
211                <action android:name="androidx.profileinstaller.action.SKIP_FILE" />
211-->[androidx.profileinstaller:profileinstaller:1.4.0] AndroidManifest.xml:44:17-85
211-->[androidx.profileinstaller:profileinstaller:1.4.0] AndroidManifest.xml:44:25-82
212            </intent-filter>
213            <intent-filter>
213-->[androidx.profileinstaller:profileinstaller:1.4.0] AndroidManifest.xml:46:13-48:29
214                <action android:name="androidx.profileinstaller.action.SAVE_PROFILE" />
214-->[androidx.profileinstaller:profileinstaller:1.4.0] AndroidManifest.xml:47:17-88
214-->[androidx.profileinstaller:profileinstaller:1.4.0] AndroidManifest.xml:47:25-85
215            </intent-filter>
216            <intent-filter>
216-->[androidx.profileinstaller:profileinstaller:1.4.0] AndroidManifest.xml:49:13-51:29
217                <action android:name="androidx.profileinstaller.action.BENCHMARK_OPERATION" />
217-->[androidx.profileinstaller:profileinstaller:1.4.0] AndroidManifest.xml:50:17-95
217-->[androidx.profileinstaller:profileinstaller:1.4.0] AndroidManifest.xml:50:25-92
218            </intent-filter>
219        </receiver> <!-- The activities will be merged into the manifest of the hosting app. -->
220        <activity
220-->[com.google.android.play:core-common:2.0.3] AndroidManifest.xml:14:9-18:65
221            android:name="com.google.android.play.core.common.PlayCoreDialogWrapperActivity"
221-->[com.google.android.play:core-common:2.0.3] AndroidManifest.xml:15:13-93
222            android:exported="false"
222-->[com.google.android.play:core-common:2.0.3] AndroidManifest.xml:16:13-37
223            android:stateNotNeeded="true"
223-->[com.google.android.play:core-common:2.0.3] AndroidManifest.xml:17:13-42
224            android:theme="@style/Theme.PlayCore.Transparent" />
224-->[com.google.android.play:core-common:2.0.3] AndroidManifest.xml:18:13-62
225    </application>
226
227</manifest>